2026-06-08T10:03:29.464066-0300 INFO Este é um log de informação. ultils.py
2026-06-08T10:03:29.464302-0300 ERROR Este é um log de erro. ultils.py
2026-06-08T10:04:14.543575-0300 INFO Chamando função 'pipeline_calcular_kpi_vendas' com args ('data', ['csv']) e kwargs {} ultils.py
2026-06-08T10:04:14.543849-0300 INFO Chamando função 'extrair_dados' com args ('data',) e kwargs {} ultils.py
2026-06-08T10:04:14.572334-0300 INFO Função 'extrair_dados' retornou             Produto    Categoria  Quantidade  Venda        Data
0    Notebook Gamer  Eletrônicos           2   1500  2023-01-17
1     Mouse Sem Fio  Eletrônicos          14     30  2023-01-17
2  Teclado Mecânico  Eletrônicos           2    100  2023-01-17
3    Notebook Gamer  Eletrônicos           7   1500  2023-01-16
4     Mouse Sem Fio  Eletrônicos          10     30  2023-01-16
5  Teclado Mecânico  Eletrônicos           3    100  2023-01-16
6    Notebook Gamer  Eletrônicos           3   1500  2023-01-15
7     Mouse Sem Fio  Eletrônicos          10     30  2023-01-15
8  Teclado Mecânico  Eletrônicos           5    100  2023-01-15 ultils.py
2026-06-08T10:04:14.579344-0300 INFO Chamando função 'calcular_kpi_total_vendas' com args (            Produto    Categoria  Quantidade  Venda        Data
0    Notebook Gamer  Eletrônicos           2   1500  2023-01-17
1     Mouse Sem Fio  Eletrônicos          14     30  2023-01-17
2  Teclado Mecânico  Eletrônicos           2    100  2023-01-17
3    Notebook Gamer  Eletrônicos           7   1500  2023-01-16
4     Mouse Sem Fio  Eletrônicos          10     30  2023-01-16
5  Teclado Mecânico  Eletrônicos           3    100  2023-01-16
6    Notebook Gamer  Eletrônicos           3   1500  2023-01-15
7     Mouse Sem Fio  Eletrônicos          10     30  2023-01-15
8  Teclado Mecânico  Eletrônicos           5    100  2023-01-15,) e kwargs {} ultils.py
2026-06-08T10:04:14.593275-0300 INFO Função 'calcular_kpi_total_vendas' retornou             Produto    Categoria  Quantidade  Venda        Data  Total
0    Notebook Gamer  Eletrônicos           2   1500  2023-01-17   3000
1     Mouse Sem Fio  Eletrônicos          14     30  2023-01-17    420
2  Teclado Mecânico  Eletrônicos           2    100  2023-01-17    200
3    Notebook Gamer  Eletrônicos           7   1500  2023-01-16  10500
4     Mouse Sem Fio  Eletrônicos          10     30  2023-01-16    300
5  Teclado Mecânico  Eletrônicos           3    100  2023-01-16    300
6    Notebook Gamer  Eletrônicos           3   1500  2023-01-15   4500
7     Mouse Sem Fio  Eletrônicos          10     30  2023-01-15    300
8  Teclado Mecânico  Eletrônicos           5    100  2023-01-15    500 ultils.py
2026-06-08T10:04:14.601266-0300 INFO Chamando função 'carregar_dados' com args (            Produto    Categoria  Quantidade  Venda        Data  Total
0    Notebook Gamer  Eletrônicos           2   1500  2023-01-17   3000
1     Mouse Sem Fio  Eletrônicos          14     30  2023-01-17    420
2  Teclado Mecânico  Eletrônicos           2    100  2023-01-17    200
3    Notebook Gamer  Eletrônicos           7   1500  2023-01-16  10500
4     Mouse Sem Fio  Eletrônicos          10     30  2023-01-16    300
5  Teclado Mecânico  Eletrônicos           3    100  2023-01-16    300
6    Notebook Gamer  Eletrônicos           3   1500  2023-01-15   4500
7     Mouse Sem Fio  Eletrônicos          10     30  2023-01-15    300
8  Teclado Mecânico  Eletrônicos           5    100  2023-01-15    500, ['csv']) e kwargs {} ultils.py
2026-06-08T10:04:14.609315-0300 INFO Função 'carregar_dados' retornou None ultils.py
2026-06-08T10:04:14.610007-0300 INFO Função 'pipeline_calcular_kpi_vendas' retornou None ultils.py
